<?xml version="1.0" encoding="UTF-8"?>
<!-- Generated by org.testng.reporters.JUnitXMLReporter -->
<testsuite ignored="0" hostname="LAPTOP-J6JSJEKO" failures="1" tests="1" name="Test" time="32.823" errors="0" timestamp="2021-08-29T20:46:15 IST">
  <testcase classname="phptravels.testHomepage" name="@AfterMethod getss" time="0.006">
    <failure type="java.lang.NullPointerException">
      <![CDATA[java.lang.NullPointerException
at com.qa.php.utility.utilities.getSS(utilities.java:56)
at phptravels.testHomepage.getss(testHomepage.java:39)
at java.base/java.util.ArrayList.forEach(ArrayList.java:1541)
... Removed 36 stack frames]]>
    </failure>
  </testcase> <!-- @AfterMethod getss -->
  <testcase classname="phptravels.testHomepage" name="testSelection" time="0.002">
    <failure type="java.io.FileNotFoundException" message="C:\Users\Punam\eclipse-workspace\phptravels\TestData.xlxs (The system cannot find the file specified)">
      <![CDATA[java.io.FileNotFoundException: C:\Users\Punam\eclipse-workspace\phptravels\TestData.xlxs (The system cannot find the file specified)
at java.base/java.io.FileInputStream.open0(Native Method)
at java.base/java.io.FileInputStream.open(FileInputStream.java:219)
at java.base/java.io.FileInputStream.<init>(FileInputStream.java:157)
at java.base/java.io.FileInputStream.<init>(FileInputStream.java:112)
at com.qa.php.utility.utilities.getData(utilities.java:64)
at phptravels.testHomepage.testSelection(testHomepage.java:30)
at java.base/java.util.ArrayList.forEach(ArrayList.java:1541)
... Removed 31 stack frames]]>
    </failure>
  </testcase> <!-- testSelection -->
</testsuite> <!-- Test -->
